# JRE version: Java(TM) SE Runtime Environment (8.0_60-b27) (build 1.8.0_60-b27)
# Java VM: Java HotSpot(TM) 64-Bit Server VM (25.60-b23 mixed mode windows-amd64 compressed oops)
Heap:
 PSYoungGen      total 60416K, used 28000K [0x00000000ec300000, 0x00000000f2200000, 0x0000000100000000)
  eden space 52736K, 53% used [0x00000000ec300000,0x00000000ede58160,0x00000000ef680000)
  from space 7680K, 0% used [0x00000000ef680000,0x00000000ef680000,0x00000000efe00000)
  to   space 7680K, 0% used [0x00000000f1a80000,0x00000000f1a80000,0x00000000f2200000)
 ParOldGen       total 36352K, used 12540K [0x00000000c4800000, 0x00000000c6b80000, 0x00000000ec300000)
  object space 36352K, 34% used [0x00000000c4800000,0x00000000c543f028,0x00000000c6b80000)
 Metaspace       used 37937K, capacity 38880K, committed 39336K, reserved 1083392K
  class space    used 5472K, capacity 5712K, committed 5800K, reserved 1048576K
GC Heap History (10 events):
Event: 6.266 GC heap before
{Heap before GC invocations=7 (full 1):
 PSYoungGen      total 17920K, used 15360K [0x00000000ec300000, 0x00000000eed00000, 0x0000000100000000)
  eden space 15360K, 100% used [0x00000000ec300000,0x00000000ed200000,0x00000000ed200000)
  from space 2560K, 0% used [0x00000000ed200000,0x00000000ed200000,0x00000000ed480000)
  to   space 6144K, 0% used [0x00000000ee700000,0x00000000ee700000,0x00000000eed00000)
 ParOldGen       total 28160K, used 7881K [0x00000000c4800000, 0x00000000c6380000, 0x00000000ec300000)
  object space 28160K, 27% used [0x00000000c4800000,0x00000000c4fb25b8,0x00000000c6380000)
 Metaspace       used 24258K, capacity 25038K, committed 25216K, reserved 1071104K
  class space    used 3446K, capacity 3669K, committed 3712K, reserved 1048576K
Event: 6.271 GC heap after
Heap after GC invocations=7 (full 1):
 PSYoungGen      total 33792K, used 2424K [0x00000000ec300000, 0x00000000eeb80000, 0x0000000100000000)
  eden space 29184K, 0% used [0x00000000ec300000,0x00000000ec300000,0x00000000edf80000)
  from space 4608K, 52% used [0x00000000ee700000,0x00000000ee95e3f0,0x00000000eeb80000)
  to   space 6144K, 0% used [0x00000000edf80000,0x00000000edf80000,0x00000000ee580000)
 ParOldGen       total 28160K, used 7889K [0x00000000c4800000, 0x00000000c6380000, 0x00000000ec300000)
  object space 28160K, 28% used [0x00000000c4800000,0x00000000c4fb45b8,0x00000000c6380000)
 Metaspace       used 24258K, capacity 25038K, committed 25216K, reserved 1071104K
  class space    used 3446K, capacity 3669K, committed 3712K, reserved 1048576K
}
Event: 6.992 GC heap before
{Heap before GC invocations=8 (full 1):
 PSYoungGen      total 33792K, used 31608K [0x00000000ec300000, 0x00000000eeb80000, 0x0000000100000000)
  eden space 29184K, 100% used [0x00000000ec300000,0x00000000edf80000,0x00000000edf80000)
  from space 4608K, 52% used [0x00000000ee700000,0x00000000ee95e3f0,0x00000000eeb80000)
  to   space 6144K, 0% used [0x00000000edf80000,0x00000000edf80000,0x00000000ee580000)
 ParOldGen       total 28160K, used 7889K [0x00000000c4800000, 0x00000000c6380000, 0x00000000ec300000)
  object space 28160K, 28% used [0x00000000c4800000,0x00000000c4fb45b8,0x00000000c6380000)
 Metaspace       used 26111K, capacity 26924K, committed 27264K, reserved 1073152K
  class space    used 3919K, capacity 4132K, committed 4224K, reserved 1048576K
Event: 7.000 GC heap after
Heap after GC invocations=8 (full 1):
 PSYoungGen      total 35328K, used 3472K [0x00000000ec300000, 0x00000000f0380000, 0x0000000100000000)
  eden space 29184K, 0% used [0x00000000ec300000,0x00000000ec300000,0x00000000edf80000)
  from space 6144K, 56% used [0x00000000edf80000,0x00000000ee2e4010,0x00000000ee580000)
  to   space 5632K, 0% used [0x00000000efe00000,0x00000000efe00000,0x00000000f0380000)
 ParOldGen       total 28160K, used 7897K [0x00000000c4800000, 0x00000000c6380000, 0x00000000ec300000)
  object space 28160K, 28% used [0x00000000c4800000,0x00000000c4fb65b8,0x00000000c6380000)
 Metaspace       used 26111K, capacity 26924K, committed 27264K, reserved 1073152K
  class space    used 3919K, capacity 4132K, committed 4224K, reserved 1048576K
}
Event: 8.263 GC heap before
{Heap before GC invocations=9 (full 1):
 PSYoungGen      total 35328K, used 32656K [0x00000000ec300000, 0x00000000f0380000, 0x0000000100000000)
  eden space 29184K, 100% used [0x00000000ec300000,0x00000000edf80000,0x00000000edf80000)
  from space 6144K, 56% used [0x00000000edf80000,0x00000000ee2e4010,0x00000000ee580000)
  to   space 5632K, 0% used [0x00000000efe00000,0x00000000efe00000,0x00000000f0380000)
 ParOldGen       total 28160K, used 7897K [0x00000000c4800000, 0x00000000c6380000, 0x00000000ec300000)
  object space 28160K, 28% used [0x00000000c4800000,0x00000000c4fb65b8,0x00000000c6380000)
 Metaspace       used 31699K, capacity 32568K, committed 32896K, reserved 1077248K
  class space    used 4689K, capacity 4922K, committed 4992K, reserved 1048576K
Event: 8.278 GC heap after
Heap after GC invocations=9 (full 1):
 PSYoungGen      total 58368K, used 5630K [0x00000000ec300000, 0x00000000f0680000, 0x0000000100000000)
  eden space 52736K, 0% used [0x00000000ec300000,0x00000000ec300000,0x00000000ef680000)
  from space 5632K, 99% used [0x00000000efe00000,0x00000000f037f988,0x00000000f0380000)
  to   space 7680K, 0% used [0x00000000ef680000,0x00000000ef680000,0x00000000efe00000)
 ParOldGen       total 28160K, used 10320K [0x00000000c4800000, 0x00000000c6380000, 0x00000000ec300000)
  object space 28160K, 36% used [0x00000000c4800000,0x00000000c5214178,0x00000000c6380000)
 Metaspace       used 31699K, capacity 32568K, committed 32896K, reserved 1077248K
  class space    used 4689K, capacity 4922K, committed 4992K, reserved 1048576K
}
Event: 8.585 GC heap before
{Heap before GC invocations=10 (full 1):
 PSYoungGen      total 58368K, used 21174K [0x00000000ec300000, 0x00000000f0680000, 0x0000000100000000)
  eden space 52736K, 29% used [0x00000000ec300000,0x00000000ed22e008,0x00000000ef680000)
  from space 5632K, 99% used [0x00000000efe00000,0x00000000f037f988,0x00000000f0380000)
  to   space 7680K, 0% used [0x00000000ef680000,0x00000000ef680000,0x00000000efe00000)
 ParOldGen       total 28160K, used 10320K [0x00000000c4800000, 0x00000000c6380000, 0x00000000ec300000)
  object space 28160K, 36% used [0x00000000c4800000,0x00000000c5214178,0x00000000c6380000)
 Metaspace       used 34574K, capacity 35424K, committed 35496K, reserved 1079296K
  class space    used 5036K, capacity 5276K, committed 5288K, reserved 1048576K
Event: 8.679 GC heap after
Heap after GC invocations=10 (full 1):
 PSYoungGen      total 60416K, used 5675K [0x00000000ec300000, 0x00000000f2200000, 0x0000000100000000)
  eden space 52736K, 0% used [0x00000000ec300000,0x00000000ec300000,0x00000000ef680000)
  from space 7680K, 73% used [0x00000000ef680000,0x00000000efc0ae50,0x00000000efe00000)
  to   space 7680K, 0% used [0x00000000f1a80000,0x00000000f1a80000,0x00000000f2200000)
 ParOldGen       total 28160K, used 11604K [0x00000000c4800000, 0x00000000c6380000, 0x00000000ec300000)
  object space 28160K, 41% used [0x00000000c4800000,0x00000000c5355190,0x00000000c6380000)
 Metaspace       used 34574K, capacity 35424K, committed 35496K, reserved 1079296K
  class space    used 5036K, capacity 5276K, committed 5288K, reserved 1048576K
}
Event: 8.680 GC heap before
{Heap before GC invocations=11 (full 2):
 PSYoungGen      total 60416K, used 5675K [0x00000000ec300000, 0x00000000f2200000, 0x0000000100000000)
  eden space 52736K, 0% used [0x00000000ec300000,0x00000000ec300000,0x00000000ef680000)
  from space 7680K, 73% used [0x00000000ef680000,0x00000000efc0ae50,0x00000000efe00000)
  to   space 7680K, 0% used [0x00000000f1a80000,0x00000000f1a80000,0x00000000f2200000)
 ParOldGen       total 28160K, used 11604K [0x00000000c4800000, 0x00000000c6380000, 0x00000000ec300000)
  object space 28160K, 41% used [0x00000000c4800000,0x00000000c5355190,0x00000000c6380000)
 Metaspace       used 34574K, capacity 35424K, committed 35496K, reserved 1079296K
  class space    used 5036K, capacity 5276K, committed 5288K, reserved 1048576K
Event: 8.759 GC heap after
Heap after GC invocations=11 (full 2):
 PSYoungGen      total 60416K, used 0K [0x00000000ec300000, 0x00000000f2200000, 0x0000000100000000)
  eden space 52736K, 0% used [0x00000000ec300000,0x00000000ec300000,0x00000000ef680000)
  from space 7680K, 0% used [0x00000000ef680000,0x00000000ef680000,0x00000000efe00000)
  to   space 7680K, 0% used [0x00000000f1a80000,0x00000000f1a80000,0x00000000f2200000)
 ParOldGen       total 36352K, used 12540K [0x00000000c4800000, 0x00000000c6b80000, 0x00000000ec300000)
  object space 36352K, 34% used [0x00000000c4800000,0x00000000c543f028,0x00000000c6b80000)
 Metaspace       used 34574K, capacity 35424K, committed 35496K, reserved 1079296K
  class space    used 5036K, capacity 5276K, committed 5288K, reserved 1048576K
}

