# JRE version: Java(TM) SE Runtime Environment (8.0_60-b27) (build 1.8.0_60-b27)
# Java VM: Java HotSpot(TM) 64-Bit Server VM (25.60-b23 mixed mode windows-amd64 compressed oops)
Heap:
 PSYoungGen      total 17920K, used 7090K [0x00000000ec300000, 0x00000000ee600000, 0x0000000100000000)
  eden space 15360K, 29% used [0x00000000ec300000,0x00000000ec76e278,0x00000000ed200000)
  from space 2560K, 99% used [0x00000000ed480000,0x00000000ed6fe8c0,0x00000000ed700000)
  to   space 2560K, 0% used [0x00000000ed200000,0x00000000ed200000,0x00000000ed480000)
 ParOldGen       total 40960K, used 3762K [0x00000000c4800000, 0x00000000c7000000, 0x00000000ec300000)
  object space 40960K, 9% used [0x00000000c4800000,0x00000000c4bacae8,0x00000000c7000000)
 Metaspace       used 17787K, capacity 18562K, committed 18688K, reserved 1064960K
  class space    used 2524K, capacity 2723K, committed 2816K, reserved 1048576K
GC Heap History (8 events):
Event: 0.809 GC heap before
{Heap before GC invocations=1 (full 0):
 PSYoungGen      total 17920K, used 15360K [0x00000000ec300000, 0x00000000ed700000, 0x0000000100000000)
  eden space 15360K, 100% used [0x00000000ec300000,0x00000000ed200000,0x00000000ed200000)
  from space 2560K, 0% used [0x00000000ed480000,0x00000000ed480000,0x00000000ed700000)
  to   space 2560K, 0% used [0x00000000ed200000,0x00000000ed200000,0x00000000ed480000)
 ParOldGen       total 40960K, used 0K [0x00000000c4800000, 0x00000000c7000000, 0x00000000ec300000)
  object space 40960K, 0% used [0x00000000c4800000,0x00000000c4800000,0x00000000c7000000)
 Metaspace       used 9349K, capacity 9692K, committed 10112K, reserved 1058816K
  class space    used 1210K, capacity 1302K, committed 1408K, reserved 1048576K
Event: 0.813 GC heap after
Heap after GC invocations=1 (full 0):
 PSYoungGen      total 17920K, used 2098K [0x00000000ec300000, 0x00000000ed700000, 0x0000000100000000)
  eden space 15360K, 0% used [0x00000000ec300000,0x00000000ec300000,0x00000000ed200000)
  from space 2560K, 81% used [0x00000000ed200000,0x00000000ed40c8d0,0x00000000ed480000)
  to   space 2560K, 0% used [0x00000000ed480000,0x00000000ed480000,0x00000000ed700000)
 ParOldGen       total 40960K, used 8K [0x00000000c4800000, 0x00000000c7000000, 0x00000000ec300000)
  object space 40960K, 0% used [0x00000000c4800000,0x00000000c4802000,0x00000000c7000000)
 Metaspace       used 9349K, capacity 9692K, committed 10112K, reserved 1058816K
  class space    used 1210K, capacity 1302K, committed 1408K, reserved 1048576K
}
Event: 1.540 GC heap before
{Heap before GC invocations=2 (full 0):
 PSYoungGen      total 17920K, used 17458K [0x00000000ec300000, 0x00000000ed700000, 0x0000000100000000)
  eden space 15360K, 100% used [0x00000000ec300000,0x00000000ed200000,0x00000000ed200000)
  from space 2560K, 81% used [0x00000000ed200000,0x00000000ed40c8d0,0x00000000ed480000)
  to   space 2560K, 0% used [0x00000000ed480000,0x00000000ed480000,0x00000000ed700000)
 ParOldGen       total 40960K, used 8K [0x00000000c4800000, 0x00000000c7000000, 0x00000000ec300000)
  object space 40960K, 0% used [0x00000000c4800000,0x00000000c4802000,0x00000000c7000000)
 Metaspace       used 14738K, capacity 15360K, committed 15488K, reserved 1062912K
  class space    used 2196K, capacity 2362K, committed 2432K, reserved 1048576K
Event: 1.547 GC heap after
Heap after GC invocations=2 (full 0):
 PSYoungGen      total 17920K, used 2544K [0x00000000ec300000, 0x00000000ed700000, 0x0000000100000000)
  eden space 15360K, 0% used [0x00000000ec300000,0x00000000ec300000,0x00000000ed200000)
  from space 2560K, 99% used [0x00000000ed480000,0x00000000ed6fc050,0x00000000ed700000)
  to   space 2560K, 0% used [0x00000000ed200000,0x00000000ed200000,0x00000000ed480000)
 ParOldGen       total 40960K, used 1547K [0x00000000c4800000, 0x00000000c7000000, 0x00000000ec300000)
  object space 40960K, 3% used [0x00000000c4800000,0x00000000c4982f48,0x00000000c7000000)
 Metaspace       used 14738K, capacity 15360K, committed 15488K, reserved 1062912K
  class space    used 2196K, capacity 2362K, committed 2432K, reserved 1048576K
}
Event: 6.162 GC heap before
{Heap before GC invocations=3 (full 0):
 PSYoungGen      total 17920K, used 17874K [0x00000000ec300000, 0x00000000ed700000, 0x0000000100000000)
  eden space 15360K, 99% used [0x00000000ec300000,0x00000000ed1f8b28,0x00000000ed200000)
  from space 2560K, 99% used [0x00000000ed480000,0x00000000ed6fc050,0x00000000ed700000)
  to   space 2560K, 0% used [0x00000000ed200000,0x00000000ed200000,0x00000000ed480000)
 ParOldGen       total 40960K, used 1547K [0x00000000c4800000, 0x00000000c7000000, 0x00000000ec300000)
  object space 40960K, 3% used [0x00000000c4800000,0x00000000c4982f48,0x00000000c7000000)
 Metaspace       used 17336K, capacity 18050K, committed 18176K, reserved 1064960K
  class space    used 2500K, capacity 2723K, committed 2816K, reserved 1048576K
Event: 6.170 GC heap after
Heap after GC invocations=3 (full 0):
 PSYoungGen      total 17920K, used 2529K [0x00000000ec300000, 0x00000000ed700000, 0x0000000100000000)
  eden space 15360K, 0% used [0x00000000ec300000,0x00000000ec300000,0x00000000ed200000)
  from space 2560K, 98% used [0x00000000ed200000,0x00000000ed478460,0x00000000ed480000)
  to   space 2560K, 0% used [0x00000000ed480000,0x00000000ed480000,0x00000000ed700000)
 ParOldGen       total 40960K, used 3700K [0x00000000c4800000, 0x00000000c7000000, 0x00000000ec300000)
  object space 40960K, 9% used [0x00000000c4800000,0x00000000c4b9d028,0x00000000c7000000)
 Metaspace       used 17336K, capacity 18050K, committed 18176K, reserved 1064960K
  class space    used 2500K, capacity 2723K, committed 2816K, reserved 1048576K
}
Event: 6.183 GC heap before
{Heap before GC invocations=4 (full 0):
 PSYoungGen      total 17920K, used 17845K [0x00000000ec300000, 0x00000000ed700000, 0x0000000100000000)
  eden space 15360K, 99% used [0x00000000ec300000,0x00000000ed1f5148,0x00000000ed200000)
  from space 2560K, 98% used [0x00000000ed200000,0x00000000ed478460,0x00000000ed480000)
  to   space 2560K, 0% used [0x00000000ed480000,0x00000000ed480000,0x00000000ed700000)
 ParOldGen       total 40960K, used 3700K [0x00000000c4800000, 0x00000000c7000000, 0x00000000ec300000)
  object space 40960K, 9% used [0x00000000c4800000,0x00000000c4b9d028,0x00000000c7000000)
 Metaspace       used 17345K, capacity 18114K, committed 18432K, reserved 1064960K
  class space    used 2501K, capacity 2723K, committed 2816K, reserved 1048576K
Event: 6.189 GC heap after
Heap after GC invocations=4 (full 0):
 PSYoungGen      total 17920K, used 2554K [0x00000000ec300000, 0x00000000ee600000, 0x0000000100000000)
  eden space 15360K, 0% used [0x00000000ec300000,0x00000000ec300000,0x00000000ed200000)
  from space 2560K, 99% used [0x00000000ed480000,0x00000000ed6fe8c0,0x00000000ed700000)
  to   space 2560K, 0% used [0x00000000ed200000,0x00000000ed200000,0x00000000ed480000)
 ParOldGen       total 40960K, used 3762K [0x00000000c4800000, 0x00000000c7000000, 0x00000000ec300000)
  object space 40960K, 9% used [0x00000000c4800000,0x00000000c4bacae8,0x00000000c7000000)
 Metaspace       used 17345K, capacity 18114K, committed 18432K, reserved 1064960K
  class space    used 2501K, capacity 2723K, committed 2816K, reserved 1048576K
}

