# JRE version: Java(TM) SE Runtime Environment (8.0_60-b27) (build 1.8.0_60-b27)
# Java VM: Java HotSpot(TM) 64-Bit Server VM (25.60-b23 mixed mode windows-amd64 compressed oops)
Heap:
 PSYoungGen      total 17920K, used 14419K [0x00000000ec300000, 0x00000000ed700000, 0x0000000100000000)
  eden space 15360K, 77% used [0x00000000ec300000,0x00000000ece98e70,0x00000000ed200000)
  from space 2560K, 99% used [0x00000000ed200000,0x00000000ed47c030,0x00000000ed480000)
  to   space 2560K, 0% used [0x00000000ed480000,0x00000000ed480000,0x00000000ed700000)
 ParOldGen       total 40960K, used 5823K [0x00000000c4800000, 0x00000000c7000000, 0x00000000ec300000)
  object space 40960K, 14% used [0x00000000c4800000,0x00000000c4dafdc0,0x00000000c7000000)
 Metaspace       used 19991K, capacity 21182K, committed 21296K, reserved 1067008K
  class space    used 2934K, capacity 3182K, committed 3200K, reserved 1048576K
GC Heap History (6 events):
Event: 0.782 GC heap before
{Heap before GC invocations=1 (full 0):
 PSYoungGen      total 17920K, used 15360K [0x00000000ec300000, 0x00000000ed700000, 0x0000000100000000)
  eden space 15360K, 100% used [0x00000000ec300000,0x00000000ed200000,0x00000000ed200000)
  from space 2560K, 0% used [0x00000000ed480000,0x00000000ed480000,0x00000000ed700000)
  to   space 2560K, 0% used [0x00000000ed200000,0x00000000ed200000,0x00000000ed480000)
 ParOldGen       total 40960K, used 0K [0x00000000c4800000, 0x00000000c7000000, 0x00000000ec300000)
  object space 40960K, 0% used [0x00000000c4800000,0x00000000c4800000,0x00000000c7000000)
 Metaspace       used 9155K, capacity 9522K, committed 9728K, reserved 1058816K
  class space    used 1132K, capacity 1266K, committed 1280K, reserved 1048576K
Event: 0.788 GC heap after
Heap after GC invocations=1 (full 0):
 PSYoungGen      total 17920K, used 2544K [0x00000000ec300000, 0x00000000ed700000, 0x0000000100000000)
  eden space 15360K, 0% used [0x00000000ec300000,0x00000000ec300000,0x00000000ed200000)
  from space 2560K, 99% used [0x00000000ed200000,0x00000000ed47c050,0x00000000ed480000)
  to   space 2560K, 0% used [0x00000000ed480000,0x00000000ed480000,0x00000000ed700000)
 ParOldGen       total 40960K, used 166K [0x00000000c4800000, 0x00000000c7000000, 0x00000000ec300000)
  object space 40960K, 0% used [0x00000000c4800000,0x00000000c4829ad0,0x00000000c7000000)
 Metaspace       used 9155K, capacity 9522K, committed 9728K, reserved 1058816K
  class space    used 1132K, capacity 1266K, committed 1280K, reserved 1048576K
}
Event: 1.616 GC heap before
{Heap before GC invocations=2 (full 0):
 PSYoungGen      total 17920K, used 17127K [0x00000000ec300000, 0x00000000ed700000, 0x0000000100000000)
  eden space 15360K, 94% used [0x00000000ec300000,0x00000000ed13de00,0x00000000ed200000)
  from space 2560K, 99% used [0x00000000ed200000,0x00000000ed47c050,0x00000000ed480000)
  to   space 2560K, 0% used [0x00000000ed480000,0x00000000ed480000,0x00000000ed700000)
 ParOldGen       total 40960K, used 166K [0x00000000c4800000, 0x00000000c7000000, 0x00000000ec300000)
  object space 40960K, 0% used [0x00000000c4800000,0x00000000c4829ad0,0x00000000c7000000)
 Metaspace       used 14370K, capacity 14912K, committed 14976K, reserved 1062912K
  class space    used 1978K, capacity 2153K, committed 2176K, reserved 1048576K
Event: 1.627 GC heap after
Heap after GC invocations=2 (full 0):
 PSYoungGen      total 17920K, used 2528K [0x00000000ec300000, 0x00000000ed700000, 0x0000000100000000)
  eden space 15360K, 0% used [0x00000000ec300000,0x00000000ec300000,0x00000000ed200000)
  from space 2560K, 98% used [0x00000000ed480000,0x00000000ed6f8040,0x00000000ed700000)
  to   space 2560K, 0% used [0x00000000ed200000,0x00000000ed200000,0x00000000ed480000)
 ParOldGen       total 40960K, used 1735K [0x00000000c4800000, 0x00000000c7000000, 0x00000000ec300000)
  object space 40960K, 4% used [0x00000000c4800000,0x00000000c49b1d70,0x00000000c7000000)
 Metaspace       used 14370K, capacity 14912K, committed 14976K, reserved 1062912K
  class space    used 1978K, capacity 2153K, committed 2176K, reserved 1048576K
}
Event: 5.230 GC heap before
{Heap before GC invocations=3 (full 0):
 PSYoungGen      total 17920K, used 17888K [0x00000000ec300000, 0x00000000ed700000, 0x0000000100000000)
  eden space 15360K, 100% used [0x00000000ec300000,0x00000000ed200000,0x00000000ed200000)
  from space 2560K, 98% used [0x00000000ed480000,0x00000000ed6f8040,0x00000000ed700000)
  to   space 2560K, 0% used [0x00000000ed200000,0x00000000ed200000,0x00000000ed480000)
 ParOldGen       total 40960K, used 1735K [0x00000000c4800000, 0x00000000c7000000, 0x00000000ec300000)
  object space 40960K, 4% used [0x00000000c4800000,0x00000000c49b1d70,0x00000000c7000000)
 Metaspace       used 17409K, capacity 18352K, committed 18560K, reserved 1064960K
  class space    used 2496K, capacity 2687K, committed 2688K, reserved 1048576K
Event: 5.238 GC heap after
Heap after GC invocations=3 (full 0):
 PSYoungGen      total 17920K, used 2544K [0x00000000ec300000, 0x00000000ed700000, 0x0000000100000000)
  eden space 15360K, 0% used [0x00000000ec300000,0x00000000ec300000,0x00000000ed200000)
  from space 2560K, 99% used [0x00000000ed200000,0x00000000ed47c030,0x00000000ed480000)
  to   space 2560K, 0% used [0x00000000ed480000,0x00000000ed480000,0x00000000ed700000)
 ParOldGen       total 40960K, used 5823K [0x00000000c4800000, 0x00000000c7000000, 0x00000000ec300000)
  object space 40960K, 14% used [0x00000000c4800000,0x00000000c4dafdc0,0x00000000c7000000)
 Metaspace       used 17409K, capacity 18352K, committed 18560K, reserved 1064960K
  class space    used 2496K, capacity 2687K, committed 2688K, reserved 1048576K
}

